Determining if the pthread_create exist failed with the following output:
Change Dir: /sad/build/CMakeFiles/CMakeTmp

Run Build Command:"/usr/bin/make" "cmTC_3363a/fast"
/usr/bin/make -f CMakeFiles/cmTC_3363a.dir/build.make CMakeFiles/cmTC_3363a.dir/build
make[1]: Entering directory '/sad/build/CMakeFiles/CMakeTmp'
Building C object CMakeFiles/cmTC_3363a.dir/CheckSymbolExists.c.o
/usr/bin/cc    -o CMakeFiles/cmTC_3363a.dir/CheckSymbolExists.c.o   -c /sad/build/CMakeFiles/CMakeTmp/CheckSymbolExists.c
Linking C executable cmTC_3363a
/opt/conda/bin/cmake -E cmake_link_script CMakeFiles/cmTC_3363a.dir/link.txt --verbose=1
/usr/bin/cc      -rdynamic CMakeFiles/cmTC_3363a.dir/CheckSymbolExists.c.o  -o cmTC_3363a 
CMakeFiles/cmTC_3363a.dir/CheckSymbolExists.c.o: In function `main':
CheckSymbolExists.c:(.text+0x1b): undefined reference to `pthread_create'
collect2: error: ld returned 1 exit status
CMakeFiles/cmTC_3363a.dir/build.make:86: recipe for target 'cmTC_3363a' failed
make[1]: *** [cmTC_3363a] Error 1
make[1]: Leaving directory '/sad/build/CMakeFiles/CMakeTmp'
Makefile:121: recipe for target 'cmTC_3363a/fast' failed
make: *** [cmTC_3363a/fast] Error 2

File /sad/build/CMakeFiles/CMakeTmp/CheckSymbolExists.c:
/* */
#include <pthread.h>

int main(int argc, char** argv)
{
  (void)argv;
#ifndef pthread_create
  return ((int*)(&pthread_create))[argc];
#else
  (void)argc;
  return 0;
#endif
}

Determining if the function pthread_create exists in the pthreads failed with the following output:
Change Dir: /sad/build/CMakeFiles/CMakeTmp

Run Build Command:"/usr/bin/make" "cmTC_d7b3e/fast"
/usr/bin/make -f CMakeFiles/cmTC_d7b3e.dir/build.make CMakeFiles/cmTC_d7b3e.dir/build
make[1]: Entering directory '/sad/build/CMakeFiles/CMakeTmp'
Building C object CMakeFiles/cmTC_d7b3e.dir/CheckFunctionExists.c.o
/usr/bin/cc   -DCHECK_FUNCTION_EXISTS=pthread_create   -o CMakeFiles/cmTC_d7b3e.dir/CheckFunctionExists.c.o   -c /opt/conda/share/cmake-3.12/Modules/CheckFunctionExists.c
Linking C executable cmTC_d7b3e
/opt/conda/bin/cmake -E cmake_link_script CMakeFiles/cmTC_d7b3e.dir/link.txt --verbose=1
/usr/bin/cc  -DCHECK_FUNCTION_EXISTS=pthread_create    -rdynamic CMakeFiles/cmTC_d7b3e.dir/CheckFunctionExists.c.o  -o cmTC_d7b3e -lpthreads 
/usr/bin/ld: cannot find -lpthreads
collect2: error: ld returned 1 exit status
CMakeFiles/cmTC_d7b3e.dir/build.make:86: recipe for target 'cmTC_d7b3e' failed
make[1]: *** [cmTC_d7b3e] Error 1
make[1]: Leaving directory '/sad/build/CMakeFiles/CMakeTmp'
Makefile:121: recipe for target 'cmTC_d7b3e/fast' failed
make: *** [cmTC_d7b3e/fast] Error 2


