{'act_base_eps': 0.1,
 'act_device': 'cuda:0',
 'act_eps_alpha': 7.0,
 'actor_sync_freq': 10,
 'batchsize': 128,
 'burn_in_frames': 10000,
 'epoch_len': 1000,
 'eps': 1.5e-05,
 'eta': 0.9,
 'eval_bomb': 0,
 'gamma': 0.999,
 'grad_clip': 5.0,
 'hand_size': 5,
 'load_model': '',
 'lr': 6.25e-05,
 'max_len': 80,
 'method': 'iql',
 'multi_step': 3,
 'num_epoch': 5000,
 'num_eps': 80,
 'num_game_per_thread': 80,
 'num_lstm_layer': 2,
 'num_player': 2,
 'num_thread': 15,
 'num_update_between_sync': 2500,
 'pred_weight': 0,
 'prefetch': 3,
 'priority_exponent': 0.9,
 'priority_weight': 0.6,
 'replay_buffer_size': 30000,
 'rnn_hid_dim': 512,
 'sad': 1,
 'save_dir': 'exps/sad_2p_M4bn',
 'seed': 9,
 'shuffle_color': 0,
 'shuffle_obs': 0,
 'train_bomb': 0,
 'train_device': 'cuda:0'}
explore eps: [0.1, 0.08154407395185162, 0.06649435996665046, 0.05422221006501587, 0.04421499907374487, 0.03605471154250502, 0.02940048064334708, 0.023974349678010775, 0.019549661430912607, 0.01594159037455999, 0.012999422244132457, 0.010600258488068826, 0.008643882620598262, 0.007048574036451904, 0.005747694424835353, 0.004686904192314193, 0.0038218926206331195, 0.003116526944929431, 0.0025413430367026368, 0.0020723146452190297, 0.0016898497868124572, 0.0013779723598335584, 0.0011236548001387517, 0.0009162739011886733, 0.0007471670675868075, 0.0006092704661368676, 0.0004968239594734388, 0.0004051304969235383, 0.00033035991201283403, 0.0002693889309590173, 0.00021967070907932357, 0.00017912844546220044, 0.00014606863203649891, 0.0001191103133283007, 9.712740198471169e-05, 7.920164050192559e-05, 6.45842443019698e-05, 5.266462393484282e-05, 4.294487988789273e-05, 3.5019004614317064e-05, 2.8555923019901068e-05, 2.3285662984981972e-05, 1.8988078244652658e-05, 1.5483652565854994e-05, 1.2626001098748582e-05, 1.029575567312513e-05, 8.395578619995106e-06, 6.8460968385746595e-06, 5.582586268862691e-06, 4.552268275507311e-06, 3.712105009066358e-06, 3.0270016537634625e-06, 2.4683404670686517e-06, 2.012785375849939e-06, 1.6413071953751306e-06, 1.3383887531737569e-06, 1.0913767146512742e-06, 0, 0, 0, 0, 0, 0, 0, 0, 0, 0, 0, 0, 0, 0, 0, 0, 0, 0, 0, 0, 0, 0, 0]
avg explore eps: 0.006772832055818007
R2D2Agent(
  (online_net): R2D2Net(
    (net): RecursiveScriptModule(
      original_name=Sequential
      (0): RecursiveScriptModule(original_name=Linear)
      (1): RecursiveScriptModule(original_name=ReLU)
    )
    (lstm): RecursiveScriptModule(original_name=LSTM)
    (fc_v): RecursiveScriptModule(original_name=Linear)
    (fc_a): RecursiveScriptModule(original_name=Linear)
    (pred): RecursiveScriptModule(original_name=Linear)
  )
  (target_net): R2D2Net(
    (net): RecursiveScriptModule(
      original_name=Sequential
      (0): RecursiveScriptModule(original_name=Linear)
      (1): RecursiveScriptModule(original_name=ReLU)
    )
    (lstm): RecursiveScriptModule(original_name=LSTM)
    (fc_v): RecursiveScriptModule(original_name=Linear)
    (fc_a): RecursiveScriptModule(original_name=Linear)
    (pred): RecursiveScriptModule(original_name=Linear)
  )
)
ActGroup created
Finished creating 15 threads with 1200 games and 15 actors
warming up replay buffer: 0
warming up replay buffer: 0
warming up replay buffer: 0
warming up replay buffer: 496
warming up replay buffer: 928
warming up replay buffer: 1422
warming up replay buffer: 2160
warming up replay buffer: 2556
warming up replay buffer: 3317
warming up replay buffer: 4132
warming up replay buffer: 4664
warming up replay buffer: 4990
warming up replay buffer: 5295
warming up replay buffer: 5930
warming up replay buffer: 6422
warming up replay buffer: 6856
warming up replay buffer: 7105
warming up replay buffer: 7500
warming up replay buffer: 7805
warming up replay buffer: 8220
warming up replay buffer: 8829
warming up replay buffer: 9813
Success, Done
=======================
beginning of epoch:  0
available: 7.412 GB, used: 242.340 GB, free: 7.627 GB
torch.Size([80, 128, 15])
tensor([0., 0., 1., 1., 0., 0., 0., 0., 1., 0., 0., 1., 0., 0., 1.],
       device='cuda:0')
torch.Size([80, 128, 15])
tensor([1., 0., 0., 1., 0., 0., 0., 0., 1., 0., 0., 1., 0., 0., 1.],
       device='cuda:0')
torch.Size([80, 128, 15])
tensor([0., 0., 1., 0., 0., 1., 1., 0., 0., 1., 0., 0., 0., 0., 1.],
       device='cuda:0')
torch.Size([80, 128, 15])
tensor([1., 0., 0., 0., 0., 1., 0., 0., 1., 0., 0., 1., 0., 0., 1.],
       device='cuda:0')
torch.Size([80, 128, 15])
tensor([0., 0., 1., 0., 0., 1., 0., 0., 1., 0., 0., 1., 1., 0., 0.],
       device='cuda:0')
torch.Size([80, 128, 15])
tensor([1., 0., 0., 1., 0., 0., 1., 0., 0., 1., 0., 0., 0., 0., 1.],
       device='cuda:0')
torch.Size([80, 128, 15])
tensor([1., 0., 0., 0., 0., 1., 1., 0., 0., 0., 0., 1., 1., 0., 0.],
       device='cuda:0')
torch.Size([80, 128, 15])
tensor([0., 0., 1., 0., 0., 1., 1., 0., 0., 0., 0., 1., 1., 0., 0.],
       device='cuda:0')
torch.Size([80, 128, 15])
tensor([0., 0., 1., 1., 0., 0., 0., 0., 1., 0., 0., 1., 0., 0., 1.],
       device='cuda:0')
torch.Size([80, 128, 15])
tensor([1., 0., 0., 0., 0., 1., 0., 0., 1., 0., 0., 1., 0., 0., 1.],
       device='cuda:0')
torch.Size([80, 128, 15])
tensor([0., 0., 1., 1., 0., 0., 0., 0., 1., 1., 0., 0., 0., 0., 1.],
       device='cuda:0')
torch.Size([80, 128, 15])
tensor([0., 0., 1., 0., 0., 1., 0., 0., 1., 0., 0., 1., 1., 0., 0.],
       device='cuda:0')
torch.Size([80, 128, 15])
tensor([0., 0., 1., 0., 0., 1., 0., 0., 1., 0., 0., 1., 0., 0., 1.],
       device='cuda:0')
torch.Size([80, 128, 15])
tensor([0., 0., 1., 0., 0., 1., 0., 0., 1., 0., 0., 1., 0., 0., 1.],
       device='cuda:0')
torch.Size([80, 128, 15])
tensor([0., 0., 1., 1., 0., 0., 0., 0., 1., 0., 0., 1., 0., 0., 1.],
       device='cuda:0')
torch.Size([80, 128, 15])
tensor([0., 0., 1., 0., 0., 1., 1., 0., 0., 0., 0., 1., 0., 0., 1.],
       device='cuda:0')
torch.Size([80, 128, 15])
tensor([0., 0., 1., 0., 0., 1., 0., 0., 1., 0., 0., 1., 0., 0., 1.],
       device='cuda:0')
torch.Size([80, 128, 15])
tensor([0., 0., 1., 0., 0., 1., 1., 0., 0., 1., 0., 0., 0., 0., 1.],
       device='cuda:0')
torch.Size([80, 128, 15])
tensor([0., 0., 1., 0., 0., 1., 1., 0., 0., 0., 0., 1., 1., 0., 0.],
       device='cuda:0')
torch.Size([80, 128, 15])
tensor([1., 0., 0., 0., 0., 1., 0., 0., 1., 0., 0., 1., 0., 0., 1.],
       device='cuda:0')
torch.Size([80, 128, 15])
tensor([0., 0., 1., 0., 0., 1., 1., 0., 0., 0., 0., 1., 0., 0., 1.],
       device='cuda:0')
torch.Size([80, 128, 15])
tensor([1., 0., 0., 0., 0., 1., 1., 0., 0., 0., 0., 1., 0., 0., 1.],
       device='cuda:0')
torch.Size([80, 128, 15])
tensor([1., 0., 0., 0., 0., 1., 1., 0., 0., 0., 0., 1., 1., 0., 0.],
       device='cuda:0')
